<?xml version="1.0" encoding="UTF-8"?>
<!-- Generated by org.testng.reporters.JUnitReportReporter -->
<testsuite hostname="LAPTOP-5M6A98T7" name="demo.SikuliDemo" tests="1" failures="0" timestamp="17 Apr 2019 04:32:18 GMT" time="3.514" errors="0">
  <testcase name="test" time="3.514" classname="demo.SikuliDemo"/>
</testsuite> <!-- demo.SikuliDemo -->
