<?xml version="1.0" encoding="UTF-8"?>
<!-- Generated by org.testng.reporters.JUnitReportReporter -->
<testsuite hostname="LAPTOP-5M6A98T7" name="testCases.LoginTestCase10" tests="1" failures="0" timestamp="17 Apr 2019 04:32:18 GMT" time="49.972" errors="0">
  <testcase name="loginToApplication" time="49.972" classname="testCases.LoginTestCase10"/>
</testsuite> <!-- testCases.LoginTestCase10 -->
