<?xml version="1.0" encoding="UTF-8"?>
<!-- Generated by org.testng.reporters.JUnitReportReporter -->
<testsuite hostname="LAPTOP-5M6A98T7" name="testCases.LoginTestCase5" tests="1" failures="0" timestamp="9 Apr 2019 23:57:23 GMT" time="4.222" errors="0">
  <testcase name="loginToApplication" time="4.222" classname="testCases.LoginTestCase5"/>
</testsuite> <!-- testCases.LoginTestCase5 -->
