<?xml version="1.0" encoding="UTF-8"?>
<!-- Generated by org.testng.reporters.JUnitReportReporter -->
<testsuite hostname="LAPTOP-5M6A98T7" name="testCases.LoginTestCase6" tests="1" failures="0" timestamp="10 Apr 2019 00:43:02 GMT" time="41.293" errors="0">
  <testcase name="loginToApplication" time="41.293" classname="testCases.LoginTestCase6"/>
</testsuite> <!-- testCases.LoginTestCase6 -->
