<?xml version="1.0" encoding="UTF-8"?>
<!-- Generated by org.testng.reporters.JUnitReportReporter -->
<testsuite hostname="LAPTOP-5M6A98T7" name="testCases.LoginTestCase4" tests="1" failures="0" timestamp="11 Apr 2019 06:58:56 GMT" time="6.508" errors="0">
  <testcase name="loginToApplication" time="6.508" classname="testCases.LoginTestCase4"/>
</testsuite> <!-- testCases.LoginTestCase4 -->
