<?xml version="1.0" encoding="UTF-8"?>
<!-- Generated by org.testng.reporters.JUnitReportReporter -->
<testsuite hostname="LAPTOP-5M6A98T7" name="testCases.LoginTestCase8" tests="1" failures="0" timestamp="11 Apr 2019 04:25:37 GMT" time="6.534" errors="0">
  <testcase name="loginToApplication" time="6.534" classname="testCases.LoginTestCase8"/>
</testsuite> <!-- testCases.LoginTestCase8 -->
