<?xml version="1.0" encoding="UTF-8"?>
<!-- Generated by org.testng.reporters.JUnitReportReporter -->
<testsuite hostname="LAPTOP-5M6A98T7" name="testCases.LoginTestCase7" tests="1" failures="0" timestamp="10 Apr 2019 09:44:48 GMT" time="41.607" errors="0">
  <testcase name="loginToApplication" time="41.607" classname="testCases.LoginTestCase7"/>
</testsuite> <!-- testCases.LoginTestCase7 -->
