<?xml version="1.0" encoding="UTF-8"?>
<!-- Generated by org.testng.reporters.JUnitReportReporter -->
<testsuite hostname="LAPTOP-5M6A98T7" name="demo.Demo1" tests="1" failures="0" timestamp="11 Apr 2019 08:59:06 GMT" time="34.268" errors="0">
  <testcase name="test" time="34.268" classname="demo.Demo1"/>
</testsuite> <!-- demo.Demo1 -->
