<?xml version="1.0" encoding="UTF-8"?>
<!-- Generated by org.testng.reporters.JUnitReportReporter -->
<testsuite hostname="LAPTOP-5M6A98T7" name="testCases.LoginTestCase10" tests="1" failures="0" timestamp="20 May 2019 11:04:16 GMT" time="52.008" errors="0">
  <testcase name="loginToApplication" time="52.008" classname="testCases.LoginTestCase10"/>
</testsuite> <!-- testCases.LoginTestCase10 -->
