<?xml version="1.0" encoding="UTF-8"?>
<!-- Generated by org.testng.reporters.JUnitReportReporter -->
<testsuite hostname="LAPTOP-5M6A98T7" name="demo.DemoScript" tests="1" failures="0" timestamp="9 Apr 2019 12:19:27 GMT" time="0.084" errors="0">
  <testcase name="test1" time="0.084" classname="demo.DemoScript"/>
</testsuite> <!-- demo.DemoScript -->
